1571398728067	mozrunner::runner	INFO	Running command: "C:\\Program Files\\Mozilla Firefox\\firefox.exe" "-marionette" "-foreground" "-no-remote" "-profile" "C:\\Users\\ocben\\AppData\\Local\\Temp\\rust_mozprofileZtRQDY"
1571398782639	mozrunner::runner	INFO	Running command: "C:\\Program Files\\Mozilla Firefox\\firefox.exe" "-marionette" "-foreground" "-no-remote" "-profile" "C:\\Users\\ocben\\AppData\\Local\\Temp\\rust_mozprofilesL9zpf"
1571398783091	addons.webextension.screenshots@mozilla.org	WARN	Loading extension 'screenshots@mozilla.org': Reading manifest: Invalid extension permission: mozillaAddons
1571398783092	addons.webextension.screenshots@mozilla.org	WARN	Loading extension 'screenshots@mozilla.org': Reading manifest: Invalid extension permission: telemetry
1571398783092	addons.webextension.screenshots@mozilla.org	WARN	Loading extension 'screenshots@mozilla.org': Reading manifest: Invalid extension permission: resource://pdf.js/
1571398783092	addons.webextension.screenshots@mozilla.org	WARN	Loading extension 'screenshots@mozilla.org': Reading manifest: Invalid extension permission: about:reader*
1571398785079	Marionette	INFO	Listening on port 57351
1571398785252	Marionette	WARN	TLS certificate errors will be ignored for this session
[Parent 52956, Gecko_IOThread] WARNING: pipe error: 109: file z:/task_1565706750/build/src/ipc/chromium/src/chrome/common/ipc_channel_win.cc, line 341
[Parent 52956, Gecko_IOThread] WARNING: pipe error: 109: file z:/task_1565706750/build/src/ipc/chromium/src/chrome/common/ipc_channel_win.cc, line 341
[Child 26672, Chrome_ChildThread] WARNING: pipe error: 109: file z:/task_1565706750/build/src/ipc/chromium/src/chrome/common/ipc_channel_win.cc, line 341
[Child 26672, Chrome_ChildThread] WARNING: pipe error: 109: file z:/task_1565706750/build/src/ipc/chromium/src/chrome/common/ipc_channel_win.cc, line 341
[Child 2988, Chrome_ChildThread] WARNING: pipe error: 109: file z:/task_1565706750/build/src/ipc/chromium/src/chrome/common/ipc_channel_win.cc, line 341
[Child 2988, Chrome_ChildThre1571399273715	Marionette	INFO	Stopped listening on port 57351
[GPU 1564
###!!! [Child][MessageChannel::SendAndWait] Error: Channel error: cannot send/recv

7
1571398793548	Marionette	WARN	TLS certificate errors will be ignored for this session
[Parent 26904, Gecko_IOThread] WARNING: pipe error: 109: file z:/task_1565706750/build/src/ipc/chromium/src/chrome/common/ipc_channel_win.cc, line 341
[Parent 26904, Gecko_IOThread] WARNING: pipe error: 109: file z:/task_1565706750/build/src/ipc/chromium/src/chrome/common/ipc_channel_win.cc, line 341
[Child 38388, Chrome_ChildThread] WARNING: pipe error: 109: file z:/task_1565706750/build/src/ipc/chromium/src/chrome/common/ipc_channel_win.cc, line 341
[Child 38388, Chrome_ChildThread] WARNIN[Child 12496, Chrome_ChildThread] WARNING: pipe error: 109: file z:/task_1565706750/build/src/ipc/chromium/src/chrome/common/ipc_channel_win.cc, line 341
[Child 12496, Chrome_ChildThre[Parent 26904, Gecko_IOThread] WARNING: pipe error: 109: file z:/task_1565706750/build/src/ipc/chromium/src/chrome/common/ipc_channel_win.cc, line 341
[Child 22764, Chrome_ChildThread] WARNING: pipe error: 109: file z:/task_1565706750/build/src/ipc/chromium/src/chrome/common/ipc_channel_win.cc, line 341
[Child 22764, Chrome_Chil1571398796679	Marionette	INFO	Stopped listening on port 57397
[GPU
###!!! [Child][MessageChannel::SendAndWait] Error: Channel error: cannot send/recv

1571400094989	mozrunner::runner	INFO	Running command: "C:\\Program Files\\Mozilla Firefox\\firefox.exe" "-marionette" "-foreground" "-no-remote" "-profile" "C:\\Users\\ocben\\AppData\\Local\\Temp\\rust_mozprofilefOlsXw"
1571400095356	addons.webextension.screenshots@mozilla.org	WARN	Loading extension 'screenshots@mozilla.org': Reading manifest: Invalid extension permission: mozillaAddons
1571400095356	addons.webextension.screenshots@mozilla.org	WARN	Loading extension 'screenshots@mozilla.org': Reading manifest: Invalid extension permission: telemetry
1571400095356	addons.webextension.screenshots@mozilla.org	WARN	Loading extension 'screenshots@mozilla.org': Reading manifest: Invalid extension permission: resource://pdf.js/
1571400095357	addons.webextension.screenshots@mozilla.org	WARN	Loading extension 'screenshots@mozilla.org': Reading manifest: Invalid extension permission: about:reader*
1571400096859	Marionette	INFO	Listening on port 58795
1571400097006	Marionette	WARN	TLS certificate errors will be ignored for this session
1571400106355	Marionette	INFO	Stopped listening on port 58795
[Parent 33936, Gecko_IOThread] WARNING: pipe error: 109: file z:/task_1565706750/build/src/ipc/chromium/src/chrome/common/ipc_channel_win.cc, line 341
[Child 33536, Chrome_ChildThread] WARNING: pipe error: 109: file z:/task_1565706750/build/src/ipc/chromium/src/chrome/common/ipc_channel_win.cc, line 341
[Child 33536, Chrome[Parent 33936, Gecko_IOThread] WARNING: pipe error: 109: file z:/task_1565706750/build/src/ipc/chromium/src/chrome/common/ipc_channel_win.cc, line 341
[Child 19068, Chrome_ChildThread] WARNING: pipe error: 109: file z:/task_1565706750/build/src/ipc/chromium/src/chrome/common/ipc_channel_win.cc, line 341
[Child 19068, Chrome_ChildThr[Parent 33936, Gecko_IOThread] WARNING: pipe error: 109: file z:/task_1565706750/build/src/ipc/chromium/src/chrome/common/ipc_channel_win.cc, line 341
[Child 35404, Chrome_ChildThread] WARNING: pipe error: 109: file z:/task_1565706750/build/src/ipc/chromium/src/chrome/common/ipc_channel_win.cc, line 341
[Child 35404, Chro[GPU 9536, Chrom
###!!! [Child][RunMessage] Error: Channel closing: too late to send/recv, messages will be lost

e
###!!! [Child][MessageChannel::SendAndWait] Error: Channel error: cannot send/recv

1571788847923	mozrunner::runner	INFO	Running command: "C:\\Program Files\\Mozilla Firefox\\firefox.exe" "-marionette" "-foreground" "-no-remote" "-profile" "C:\\Users\\ocben\\AppData\\Local\\Temp\\rust_mozprofilej9pwzC"
1571788848345	addons.webextension.screenshots@mozilla.org	WARN	Loading extension 'screenshots@mozilla.org': Reading manifest: Invalid extension permission: mozillaAddons
1571788848345	addons.webextension.screenshots@mozilla.org	WARN	Loading extension 'screenshots@mozilla.org': Reading manifest: Invalid extension permission: telemetry
1571788848345	addons.webextension.screenshots@mozilla.org	WARN	Loading extension 'screenshots@mozilla.org': Reading manifest: Invalid extension permission: resource://pdf.js/
1571788848345	addons.webextension.screenshots@mozilla.org	WARN	Loading extension 'screenshots@mozilla.org': Reading manifest: Invalid extension permission: about:reader*
1571788849884	Marionette	INFO	Listening on port 50746
1571788849942	Marionette	WARN	TLS certificate errors will be ignored for this session
JavaScript warning: https://app.lms.unimelb.edu.au/groupjs/9D255248CBEA15231045E2FF47E88559.js?v=3400.0.3-rel.33+7014650, line 6181: Using //@ to indicate sourceMappingURL pragmas is deprecated. Use //# instead
JavaScript error: https://app.lms.unimelb.edu.au/webapps/portal/execute/tabs/tabAction?tab_tab_group_id=_41_1, line 728: TypeError: $$(...)[0] is undefined
console.error: BroadcastService: 
  receivedBroadcastMessage: handler for
  remote-settings/monitor_changes
  threw error:
  Message: Error: Polling for changes failed: http://%(server)s/dummy/blocklist//buckets/monitor/collections/changes/records?_expected=%221571605630002%22 is not a valid URL..
  Stack:
    remoteSettingsFunction/remoteSettings.pollChanges@resource://services-settings/remote-settings.js:201:13

JavaScript warning: https://app.lms.unimelb.edu.au/groupjs/9D255248CBEA15231045E2FF47E88559.js?v=3400.0.3-rel.33+7014650, line 6181: Using //@ to indicate sourceMappingURL pragmas is deprecated. Use //# instead
JavaScript warning: https://app.lms.unimelb.edu.au/javascript/jquery/jquery.js?v=3400.0.3-rel.33+7014650, line 2: Using //@ to indicate sourceMappingURL pragmas is deprecated. Use //# instead
JavaScript error: https://app.lms.unimelb.edu.au/webapps/portal/execute/tabs/tabAction?tab_tab_group_id=_9_1, line 555: TypeError: $$(...)[0] is undefined
JavaScript warning: https://app.lms.unimelb.edu.au/groupjs/9D255248CBEA15231045E2FF47E88559.js?v=3400.0.3-rel.33+7014650, line 6181: Using //@ to indicate sourceMappingURL pragmas is deprecated. Use //# instead
JavaScript error: https://app.lms.unimelb.edu.au/webapps/blackboard/execute/courseManager?sourceType=COURSES, line 594: TypeError: $$(...)[0] is undefined
JavaScript warning: https://app.lms.unimelb.edu.au/groupjs/9D255248CBEA15231045E2FF47E88559.js?v=3400.0.3-rel.33+7014650, line 6181: Using //@ to indicate sourceMappingURL pragmas is deprecated. Use //# instead
JavaScript error: https://app.lms.unimelb.edu.au/webapps/blackboard/execute/courseManager, line 779: TypeError: $$(...)[0] is undefined
JavaScript error: https://app.lms.unimelb.edu.au/webapps/blackboard/execute/staffinfo/manageStaffInfo?course_id=_383884_1&mode=view, line 516: TypeError: $$(...)[0] is undefined
JavaScript error: https://app.lms.unimelb.edu.au/webapps/blackboard/execute/staffinfo/manageStaffInfo?course_id=_383884_1&mode=view, line 708: TypeError: $$(...)[0] is undefined
JavaScript error: https://app.lms.unimelb.edu.au/webapps/uom-staffrolemanage-bb_bb60/index.jsp?course_id=_383884_1, line 803: TypeError: $$(...)[0] is undefined
JavaScript error: https://app.lms.unimelb.edu.au/webapps/uom-staffrolemanage-bb_bb60/add_staff_role.jsp?course_id=_383884_1, line 613: TypeError: $$(...)[0] is undefined
JavaScript error: https://app.lms.unimelb.edu.au/webapps/uom-staffrolemanage-bb_bb60/add_staff_role.jsp, line 715: TypeError: $$(...)[0] is undefined
JavaScript error: https://app.lms.unimelb.edu.au/webapps/uom-staffrolemanage-bb_bb60/index.jsp?course_id=_383884_1, line 831: TypeError: $$(...)[0] is undefined
[Parent 15604, Gecko_IOThread] WARNING: pipe error: 109: file z:/task_1565706750/build/src/ipc/chromium/src/chrome/common/ipc_channel_win.cc, line 341
[Parent 15604, Gecko_IOThread] WARNING: pipe error: 109: file z:/task_1565706750/build/src/ipc/chromium/src/chrome/common/ipc_channel_win.cc, line 341
[Child 22152, Chrome_ChildThread] WARNING: pipe error: 109: file z:/task_1565706750/build/src/ipc/chromium/src/chrome/common/ipc_channel_win.cc, line 341
[Child 22152, Chr[Child 34104, Chrome_ChildThread] WARNING: pipe error: 109: file z:/task_1565706750/build/src/ipc/chromium/src/chrome/common/ipc_channel_win.cc, line 341
[Child 34104, Chrome_ChildThrea[Parent 15604, Gecko_IOThread] WARNING: pipe error: 109: file z:/task_1565706750/build/src/ipc/chromium/src/chrome/common/ipc_channel_win.cc, line 341
[Child 19360, Chrome_ChildThread] WARNING: pipe error: 109: file z:/task_1565706750/build/src/ipc/chromium/src/chrome/common/ipc_channel_win.cc, line 341
[Child 19360, 1571788946635	Marionette	INFO	Stopped listening on port 50746

###!!! [Child][RunMessage] Error: Channel closing: too late to send/recv, messages will be lost

[GPU 954
###!!! [Child][MessageChannel::SendAndWait] Error: Channel error: cannot send/recv

1571789018041	mozrunner::runner	INFO	Running command: "C:\\Program Files\\Mozilla Firefox\\firefox.exe" "-marionette" "-foreground" "-no-remote" "-profile" "C:\\Users\\ocben\\AppData\\Local\\Temp\\rust_mozprofileNza0NR"
1571789018523	addons.webextension.screenshots@mozilla.org	WARN	Loading extension 'screenshots@mozilla.org': Reading manifest: Invalid extension permission: mozillaAddons
1571789018523	addons.webextension.screenshots@mozilla.org	WARN	Loading extension 'screenshots@mozilla.org': Reading manifest: Invalid extension permission: telemetry
1571789018523	addons.webextension.screenshots@mozilla.org	WARN	Loading extension 'screenshots@mozilla.org': Reading manifest: Invalid extension permission: resource://pdf.js/
1571789018524	addons.webextension.screenshots@mozilla.org	WARN	Loading extension 'screenshots@mozilla.org': Reading manifest: Invalid extension permission: about:reader*
1571789020027	Marionette	INFO	Listening on port 50924
1571789020058	Marionette	WARN	TLS certificate errors will be ignored for this session
JavaScript warning: https://app.lms.unimelb.edu.au/groupjs/9D255248CBEA15231045E2FF47E88559.js?v=3400.0.3-rel.33+7014650, line 6181: Using //@ to indicate sourceMappingURL pragmas is deprecated. Use //# instead
JavaScript error: https://app.lms.unimelb.edu.au/webapps/portal/execute/tabs/tabAction?tab_tab_group_id=_41_1, line 728: TypeError: $$(...)[0] is undefined
console.error: BroadcastService: 
  receivedBroadcastMessage: handler for
  remote-settings/monitor_changes
  threw error:
  Message: Error: Polling for changes failed: http://%(server)s/dummy/blocklist//buckets/monitor/collections/changes/records?_expected=%221571605630002%22 is not a valid URL..
  Stack:
    remoteSettingsFunction/remoteSettings.pollChanges@resource://services-settings/remote-settings.js:201:13

JavaScript warning: https://app.lms.unimelb.edu.au/groupjs/9D255248CBEA15231045E2FF47E88559.js?v=3400.0.3-rel.33+7014650, line 6181: Using //@ to indicate sourceMappingURL pragmas is deprecated. Use //# instead
JavaScript warning: https://app.lms.unimelb.edu.au/javascript/jquery/jquery.js?v=3400.0.3-rel.33+7014650, line 2: Using //@ to indicate sourceMappingURL pragmas is deprecated. Use //# instead
JavaScript error: https://app.lms.unimelb.edu.au/webapps/portal/execute/tabs/tabAction?tab_tab_group_id=_9_1, line 555: TypeError: $$(...)[0] is undefined
JavaScript warning: https://app.lms.unimelb.edu.au/groupjs/9D255248CBEA15231045E2FF47E88559.js?v=3400.0.3-rel.33+7014650, line 6181: Using //@ to indicate sourceMappingURL pragmas is deprecated. Use //# instead
JavaScript error: https://app.lms.unimelb.edu.au/webapps/blackboard/execute/courseManager?sourceType=COURSES, line 594: TypeError: $$(...)[0] is undefined
IPDL protocol error: Handler returned error code!

###!!! [Parent][DispatchAsyncMessage] Error: PAPZCTreeManager::Msg_SetTargetAPZC Processing error: message was deserialized, but the handler returned false (indicating failure)

JavaScript warning: https://app.lms.unimelb.edu.au/groupjs/9D255248CBEA15231045E2FF47E88559.js?v=3400.0.3-rel.33+7014650, line 6181: Using //@ to indicate sourceMappingURL pragmas is deprecated. Use //# instead
JavaScript error: https://app.lms.unimelb.edu.au/webapps/blackboard/execute/courseManager, line 779: TypeError: $$(...)[0] is undefined
JavaScript error: https://app.lms.unimelb.edu.au/webapps/blackboard/content/listContent.jsp?course_id=_403942_1&content_id=_7625818_1, line 770: TypeError: $$(...)[0] is undefined
JavaScript error: https://app.lms.unimelb.edu.au/js/course-settings.js?v=3400.0.3-rel.33+7014650, line 1: SyntaxError: expected expression, got '<'
JavaScript error: https://app.lms.unimelb.edu.au/webapps/blackboard/content/listContent.jsp?course_id=_403942_1&content_id=_7625818_1, line 828: TypeError: $$(...)[0] is undefined
JavaScript error: https://app.lms.unimelb.edu.au/webapps/uom-staffrolemanage-bb_bb60/index.jsp?course_id=_403942_1, line 719: TypeError: $$(...)[0] is undefined
JavaScript error: https://app.lms.unimelb.edu.au/webapps/uom-staffrolemanage-bb_bb60/add_staff_role.jsp?course_id=_403942_1, line 613: TypeError: $$(...)[0] is undefined
JavaScript error: https://app.lms.unimelb.edu.au/webapps/uom-staffrolemanage-bb_bb60/add_staff_role.jsp, line 715: TypeError: $$(...)[0] is undefined
JavaScript error: https://app.lms.unimelb.edu.au/webapps/uom-staffrolemanage-bb_bb60/index.jsp?course_id=_403942_1, line 747: TypeError: $$(...)[0] is undefined
[Parent 9376, Gecko_IOThread] WARNING: pipe error: 109: file z:/task_1565706750/build/src/ipc/chromium/src/chrome/common/ipc_channel_win.cc, line 341
[Parent 9376, Gecko_IOThread] WARNING: pipe error: 109: file z:/task_1565706750/build/src/ipc/chromium/src/chrome/common/ipc_channel_win.cc, line 341
[Child 7012, Chrome_ChildThread] WARNING: pipe error: 109: file z:/task_1565706750/build/src/ipc/chromium/src/chrome/common/ipc_channel_win.cc, line 341
[Child 23116, Chrome_ChildThread] WARNING: pipe error: 109: file z:/task_1565706750/build/src/ipc/chromium/src/chrome/common/ipc_channel_win.cc, line 341
[Child 23116, Chrome_[Parent 9376, Gecko_IOThread] WARNING: pipe error: 109: file z:/task_1565706750/build/src/ipc/chromium/src/chrome/common/ipc_channel_win.cc, line 341
[Child 20804, Chrome_ChildThread] WARNING: pipe error: 109: file z:/task_1565706750/build/src/ipc/chromium/src/chrome/common/ipc_channel_win.cc, line 341
[Child 208041571789361791	Marionette	INFO	Stopped listening on port 50924

###!!! [Child][RunMessage] Error: Channel closing: too late to send/recv, messages will be lost

[GPU 14352, Chrom
###!!! [Child][MessageChannel::SendAndWait] Error: Channel error: cannot send/recv

